-------------------------------------------------------------------------------
Test set: com.ohma.thutothebe.integration.ContentIntegrationTest
-------------------------------------------------------------------------------
Tests run: 8, Failures: 8, Errors: 0, Skipped: 0, Time elapsed: 5.504 s <<< FAILURE! -- in com.ohma.thutothebe.integration.ContentIntegrationTest
com.ohma.thutothebe.integration.ContentIntegrationTest.whenGetActiveContentByCourse_thenReturnContentList -- Time elapsed: 0.224 s <<< FAILURE!
java.lang.AssertionError: Status expected:<200> but was:<403>
	at org.springframework.test.util.AssertionErrors.fail(AssertionErrors.java:59)
	at org.springframework.test.util.AssertionErrors.assertEquals(AssertionErrors.java:122)
	at org.springframework.test.web.servlet.result.StatusResultMatchers.lambda$matcher$9(StatusResultMatchers.java:637)
	at org.springframework.test.web.servlet.MockMvc$1.andExpect(MockMvc.java:214)
	at com.ohma.thutothebe.integration.ContentIntegrationTest.whenGetActiveContentByCourse_thenReturnContentList(ContentIntegrationTest.java:142)
	at java.base/java.lang.reflect.Method.invoke(Method.java:569)
	at java.base/java.util.ArrayList.forEach(ArrayList.java:1511)
	at java.base/java.util.ArrayList.forEach(ArrayList.java:1511)

com.ohma.thutothebe.integration.ContentIntegrationTest.whenGetActiveContentByType_thenReturnContentList -- Time elapsed: 0.016 s <<< FAILURE!
java.lang.AssertionError: Status expected:<200> but was:<403>
	at org.springframework.test.util.AssertionErrors.fail(AssertionErrors.java:59)
	at org.springframework.test.util.AssertionErrors.assertEquals(AssertionErrors.java:122)
	at org.springframework.test.web.servlet.result.StatusResultMatchers.lambda$matcher$9(StatusResultMatchers.java:637)
	at org.springframework.test.web.servlet.MockMvc$1.andExpect(MockMvc.java:214)
	at com.ohma.thutothebe.integration.ContentIntegrationTest.whenGetActiveContentByType_thenReturnContentList(ContentIntegrationTest.java:157)
	at java.base/java.lang.reflect.Method.invoke(Method.java:569)
	at java.base/java.util.ArrayList.forEach(ArrayList.java:1511)
	at java.base/java.util.ArrayList.forEach(ArrayList.java:1511)

com.ohma.thutothebe.integration.ContentIntegrationTest.whenGetContentByType_thenReturnContentList -- Time elapsed: 0.018 s <<< FAILURE!
java.lang.AssertionError: Status expected:<200> but was:<403>
	at org.springframework.test.util.AssertionErrors.fail(AssertionErrors.java:59)
	at org.springframework.test.util.AssertionErrors.assertEquals(AssertionErrors.java:122)
	at org.springframework.test.web.servlet.result.StatusResultMatchers.lambda$matcher$9(StatusResultMatchers.java:637)
	at org.springframework.test.web.servlet.MockMvc$1.andExpect(MockMvc.java:214)
	at com.ohma.thutothebe.integration.ContentIntegrationTest.whenGetContentByType_thenReturnContentList(ContentIntegrationTest.java:127)
	at java.base/java.lang.reflect.Method.invoke(Method.java:569)
	at java.base/java.util.ArrayList.forEach(ArrayList.java:1511)
	at java.base/java.util.ArrayList.forEach(ArrayList.java:1511)

com.ohma.thutothebe.integration.ContentIntegrationTest.whenCheckContentExists_thenReturnTrue -- Time elapsed: 0.017 s <<< FAILURE!
java.lang.AssertionError: Status expected:<200> but was:<403>
	at org.springframework.test.util.AssertionErrors.fail(AssertionErrors.java:59)
	at org.springframework.test.util.AssertionErrors.assertEquals(AssertionErrors.java:122)
	at org.springframework.test.web.servlet.result.StatusResultMatchers.lambda$matcher$9(StatusResultMatchers.java:637)
	at org.springframework.test.web.servlet.MockMvc$1.andExpect(MockMvc.java:214)
	at com.ohma.thutothebe.integration.ContentIntegrationTest.whenCheckContentExists_thenReturnTrue(ContentIntegrationTest.java:172)
	at java.base/java.lang.reflect.Method.invoke(Method.java:569)
	at java.base/java.util.ArrayList.forEach(ArrayList.java:1511)
	at java.base/java.util.ArrayList.forEach(ArrayList.java:1511)

com.ohma.thutothebe.integration.ContentIntegrationTest.whenDeleteContent_thenReturnOk -- Time elapsed: 0.015 s <<< FAILURE!
java.lang.AssertionError: Status expected:<200> but was:<403>
	at org.springframework.test.util.AssertionErrors.fail(AssertionErrors.java:59)
	at org.springframework.test.util.AssertionErrors.assertEquals(AssertionErrors.java:122)
	at org.springframework.test.web.servlet.result.StatusResultMatchers.lambda$matcher$9(StatusResultMatchers.java:637)
	at org.springframework.test.web.servlet.MockMvc$1.andExpect(MockMvc.java:214)
	at com.ohma.thutothebe.integration.ContentIntegrationTest.whenDeleteContent_thenReturnOk(ContentIntegrationTest.java:220)
	at java.base/java.lang.reflect.Method.invoke(Method.java:569)
	at java.base/java.util.ArrayList.forEach(ArrayList.java:1511)
	at java.base/java.util.ArrayList.forEach(ArrayList.java:1511)

com.ohma.thutothebe.integration.ContentIntegrationTest.whenCreateContent_thenReturnCreatedContent -- Time elapsed: 0.014 s <<< FAILURE!
java.lang.AssertionError: Status expected:<200> but was:<403>
	at org.springframework.test.util.AssertionErrors.fail(AssertionErrors.java:59)
	at org.springframework.test.util.AssertionErrors.assertEquals(AssertionErrors.java:122)
	at org.springframework.test.web.servlet.result.StatusResultMatchers.lambda$matcher$9(StatusResultMatchers.java:637)
	at org.springframework.test.web.servlet.MockMvc$1.andExpect(MockMvc.java:214)
	at com.ohma.thutothebe.integration.ContentIntegrationTest.whenCreateContent_thenReturnCreatedContent(ContentIntegrationTest.java:101)
	at java.base/java.lang.reflect.Method.invoke(Method.java:569)
	at java.base/java.util.ArrayList.forEach(ArrayList.java:1511)
	at java.base/java.util.ArrayList.forEach(ArrayList.java:1511)

com.ohma.thutothebe.integration.ContentIntegrationTest.whenGetContentByCourse_thenReturnContentList -- Time elapsed: 0.015 s <<< FAILURE!
java.lang.AssertionError: Status expected:<200> but was:<403>
	at org.springframework.test.util.AssertionErrors.fail(AssertionErrors.java:59)
	at org.springframework.test.util.AssertionErrors.assertEquals(AssertionErrors.java:122)
	at org.springframework.test.web.servlet.result.StatusResultMatchers.lambda$matcher$9(StatusResultMatchers.java:637)
	at org.springframework.test.web.servlet.MockMvc$1.andExpect(MockMvc.java:214)
	at com.ohma.thutothebe.integration.ContentIntegrationTest.whenGetContentByCourse_thenReturnContentList(ContentIntegrationTest.java:112)
	at java.base/java.lang.reflect.Method.invoke(Method.java:569)
	at java.base/java.util.ArrayList.forEach(ArrayList.java:1511)
	at java.base/java.util.ArrayList.forEach(ArrayList.java:1511)

com.ohma.thutothebe.integration.ContentIntegrationTest.whenUpdateContent_thenReturnUpdatedContent -- Time elapsed: 0.015 s <<< FAILURE!
java.lang.AssertionError: Status expected:<200> but was:<403>
	at org.springframework.test.util.AssertionErrors.fail(AssertionErrors.java:59)
	at org.springframework.test.util.AssertionErrors.assertEquals(AssertionErrors.java:122)
	at org.springframework.test.web.servlet.result.StatusResultMatchers.lambda$matcher$9(StatusResultMatchers.java:637)
	at org.springframework.test.web.servlet.MockMvc$1.andExpect(MockMvc.java:214)
	at com.ohma.thutothebe.integration.ContentIntegrationTest.whenUpdateContent_thenReturnUpdatedContent(ContentIntegrationTest.java:188)
	at java.base/java.lang.reflect.Method.invoke(Method.java:569)
	at java.base/java.util.ArrayList.forEach(ArrayList.java:1511)
	at java.base/java.util.ArrayList.forEach(ArrayList.java:1511)

