<?xml version="1.0" encoding="UTF-8"?>
<testsuite xmlns:xsi="http://www.w3.org/2001/XMLSchema-instance" xsi:noNamespaceSchemaLocation="https://maven.apache.org/surefire/maven-surefire-plugin/xsd/surefire-test-report-3.0.xsd" version="3.0" name="com.ohma.thutothebe.integration.ContentIntegrationTest" time="5.504" tests="8" errors="0" skipped="0" failures="8">
  <properties>
[...]
</properties>
  <testcase name="whenGetActiveContentByCourse_thenReturnContentList" classname="com.ohma.thutothebe.integration.ContentIntegrationTest" time="0.224">
    <failure message="Status expected:&lt;200&gt; but was:&lt;403&gt;" type="java.lang.AssertionError"><![CDATA[java.lang.AssertionError: Status expected:<200> but was:<403>
	at org.springframework.test.util.AssertionErrors.fail(AssertionErrors.java:59)
	at org.springframework.test.util.AssertionErrors.assertEquals(AssertionErrors.java:122)
	at org.springframework.test.web.servlet.result.StatusResultMatchers.lambda$matcher$9(StatusResultMatchers.java:637)
	at org.springframework.test.web.servlet.MockMvc$1.andExpect(MockMvc.java:214)
	at com.ohma.thutothebe.integration.ContentIntegrationTest.whenGetActiveContentByCourse_thenReturnContentList(ContentIntegrationTest.java:142)
	at java.base/java.lang.reflect.Method.invoke(Method.java:569)
	at java.base/java.util.ArrayList.forEach(ArrayList.java:1511)
	at java.base/java.util.ArrayList.forEach(ArrayList.java:1511)
]]></failure>
    <system-out><![CDATA[01:32:31.720 [main] INFO org.springframework.test.context.support.AnnotationConfigContextLoaderUtils -- Could not detect default configuration classes for test class [com.ohma.thutothebe.integration.ContentIntegrationTest]: ContentIntegrationTest does not declare any static, non-private, non-final, nested classes annotated with @Configuration.
01:32:31.821 [main] INFO org.springframework.boot.test.context.SpringBootTestContextBootstrapper -- Found @SpringBootConfiguration com.ohma.thutothebe.ThutoThebeApplication for test class com.ohma.thutothebe.integration.ContentIntegrationTest
01:32:30,151 |-INFO in ch.qos.logback.classic.LoggerContext[default] - This is logback-classic version 1.4.14
01:32:30,153 |-INFO in ch.qos.logback.classic.util.ContextInitializer@38ef1a0a - Here is a list of configurators discovered as a service, by rank: 
01:32:30,153 |-INFO in ch.qos.logback.classic.util.ContextInitializer@38ef1a0a -   org.springframework.boot.logging.logback.RootLogLevelConfigurator
01:32:30,153 |-INFO in ch.qos.logback.classic.util.ContextInitializer@38ef1a0a - They will be invoked in order until ExecutionStatus.DO_NOT_INVOKE_NEXT_IF_ANY is returned.
01:32:30,153 |-INFO in ch.qos.logback.classic.util.ContextInitializer@38ef1a0a - Constructed configurator of type class org.springframework.boot.logging.logback.RootLogLevelConfigurator
01:32:30,159 |-INFO in ch.qos.logback.classic.util.ContextInitializer@38ef1a0a - org.springframework.boot.logging.logback.RootLogLevelConfigurator.configure() call lasted 0 milliseconds. ExecutionStatus=INVOKE_NEXT_IF_ANY
01:32:30,160 |-INFO in ch.qos.logback.classic.util.ContextInitializer@38ef1a0a - Trying to configure with ch.qos.logback.classic.joran.SerializedModelConfigurator
01:32:30,160 |-INFO in ch.qos.logback.classic.util.ContextInitializer@38ef1a0a - Constructed configurator of type class ch.qos.logback.classic.joran.SerializedModelConfigurator
01:32:30,162 |-INFO in ch.qos.logback.classic.LoggerContext[default] - Could NOT find resource [logback-test.scmo]
01:32:30,162 |-INFO in ch.qos.logback.classic.LoggerContext[default] - Could NOT find resource [logback.scmo]
01:32:30,162 |-INFO in ch.qos.logback.classic.util.ContextInitializer@38ef1a0a - ch.qos.logback.classic.joran.SerializedModelConfigurator.configure() call lasted 2 milliseconds. ExecutionStatus=INVOKE_NEXT_IF_ANY
01:32:30,162 |-INFO in ch.qos.logback.classic.util.ContextInitializer@38ef1a0a - Trying to configure with ch.qos.logback.classic.util.DefaultJoranConfigurator
01:32:30,163 |-INFO in ch.qos.logback.classic.util.ContextInitializer@38ef1a0a - Constructed configurator of type class ch.qos.logback.classic.util.DefaultJoranConfigurator
01:32:30,163 |-INFO in ch.qos.logback.classic.LoggerContext[default] - Could NOT find resource [logback-test.xml]
01:32:30,164 |-INFO in ch.qos.logback.classic.LoggerContext[default] - Could NOT find resource [logback.xml]
01:32:30,164 |-INFO in ch.qos.logback.classic.util.ContextInitializer@38ef1a0a - ch.qos.logback.classic.util.DefaultJoranConfigurator.configure() call lasted 1 milliseconds. ExecutionStatus=INVOKE_NEXT_IF_ANY
01:32:30,164 |-INFO in ch.qos.logback.classic.util.ContextInitializer@38ef1a0a - Trying to configure with ch.qos.logback.classic.BasicConfigurator
01:32:30,164 |-INFO in ch.qos.logback.classic.util.ContextInitializer@38ef1a0a - Constructed configurator of type class ch.qos.logback.classic.BasicConfigurator
01:32:30,164 |-INFO in ch.qos.logback.classic.BasicConfigurator@56f9de3b - Setting up default configuration.
01:32:30,171 |-INFO in ch.qos.logback.classic.util.ContextInitializer@38ef1a0a - ch.qos.logback.classic.BasicConfigurator.configure() call lasted 7 milliseconds. ExecutionStatus=NEUTRAL
01:32:32,174 |-INFO in ch.qos.logback.core.model.processor.AppenderModelHandler - Processing appender named [Console]
01:32:32,174 |-INFO in ch.qos.logback.core.model.processor.AppenderModelHandler - About to instantiate appender of type [ch.qos.logback.core.ConsoleAppender]
01:32:32,177 |-INFO in ch.qos.logback.core.model.processor.ImplicitModelHandler - Assuming default type [ch.qos.logback.classic.encoder.PatternLayoutEncoder] for [encoder] property
01:32:32,188 |-INFO in ch.qos.logback.core.model.processor.AppenderModelHandler - Processing appender named [RollingFile]
01:32:32,188 |-INFO in ch.qos.logback.core.model.processor.AppenderModelHandler - About to instantiate appender of type [ch.qos.logback.core.rolling.RollingFileAppender]
01:32:32,190 |-INFO in ch.qos.logback.core.model.processor.ImplicitModelHandler - Assuming default type [ch.qos.logback.classic.encoder.PatternLayoutEncoder] for [encoder] property
01:32:32,196 |-INFO in c.q.l.core.rolling.TimeBasedRollingPolicy@1730688778 - No compression will be used
01:32:32,196 |-INFO in c.q.l.core.rolling.TimeBasedRollingPolicy@1730688778 - Will use the pattern ./logs/archived/thutothebe-%d{yyyy-MM-dd}.%i.log for the active file
01:32:32,198 |-INFO in ch.qos.logback.core.rolling.SizeAndTimeBasedFNATP@2b5f8e61 - The date pattern is 'yyyy-MM-dd' from file name pattern './logs/archived/thutothebe-%d{yyyy-MM-dd}.%i.log'.
01:32:32,198 |-INFO in ch.qos.logback.core.rolling.SizeAndTimeBasedFNATP@2b5f8e61 - Roll-over at midnight.
01:32:32,199 |-INFO in ch.qos.logback.core.rolling.SizeAndTimeBasedFNATP@2b5f8e61 - Setting initial period to 2025-05-11T23:30:23.286Z
01:32:32,199 |-WARN in ch.qos.logback.core.rolling.SizeAndTimeBasedFNATP@2b5f8e61 - SizeAndTimeBasedFNATP is deprecated. Use SizeAndTimeBasedRollingPolicy instead
01:32:32,199 |-WARN in ch.qos.logback.core.rolling.SizeAndTimeBasedFNATP@2b5f8e61 - For more information see http://logback.qos.ch/manual/appenders.html#SizeAndTimeBasedRollingPolicy
01:32:32,200 |-INFO in ch.qos.logback.core.rolling.RollingFileAppender[RollingFile] - Active log file name: ./logs/thutothebe.log
01:32:32,200 |-INFO in ch.qos.logback.core.rolling.RollingFileAppender[RollingFile] - File property is set to [./logs/thutothebe.log]
01:32:32,201 |-INFO in ch.qos.logback.core.model.processor.AppenderModelHandler - Processing appender named [ErrorFile]
01:32:32,201 |-INFO in ch.qos.logback.core.model.processor.AppenderModelHandler - About to instantiate appender of type [ch.qos.logback.core.rolling.RollingFileAppender]
01:32:32,201 |-INFO in ch.qos.logback.core.model.processor.ImplicitModelHandler - Assuming default type [ch.qos.logback.classic.encoder.PatternLayoutEncoder] for [encoder] property
01:32:32,202 |-INFO in c.q.l.core.rolling.TimeBasedRollingPolicy@1805708874 - No compression will be used
01:32:32,202 |-INFO in c.q.l.core.rolling.TimeBasedRollingPolicy@1805708874 - Will use the pattern ./logs/archived/error-%d{yyyy-MM-dd}.%i.log for the active file
01:32:32,202 |-INFO in ch.qos.logback.core.rolling.SizeAndTimeBasedFNATP@73b0ed03 - The date pattern is 'yyyy-MM-dd' from file name pattern './logs/archived/error-%d{yyyy-MM-dd}.%i.log'.
01:32:32,202 |-INFO in ch.qos.logback.core.rolling.SizeAndTimeBasedFNATP@73b0ed03 - Roll-over at midnight.
01:32:32,203 |-INFO in ch.qos.logback.core.rolling.SizeAndTimeBasedFNATP@73b0ed03 - Setting initial period to 2025-05-11T23:29:32.437Z
01:32:32,203 |-WARN in ch.qos.logback.core.rolling.SizeAndTimeBasedFNATP@73b0ed03 - SizeAndTimeBasedFNATP is deprecated. Use SizeAndTimeBasedRollingPolicy instead
01:32:32,203 |-WARN in ch.qos.logback.core.rolling.SizeAndTimeBasedFNATP@73b0ed03 - For more information see http://logback.qos.ch/manual/appenders.html#SizeAndTimeBasedRollingPolicy
01:32:32,204 |-INFO in ch.qos.logback.core.rolling.RollingFileAppender[ErrorFile] - Active log file name: ./logs/error.log
01:32:32,204 |-INFO in ch.qos.logback.core.rolling.RollingFileAppender[ErrorFile] - File property is set to [./logs/error.log]
01:32:32,204 |-INFO in ch.qos.logback.classic.model.processor.LoggerModelHandler - Setting level of logger [org.springframework.security] to INFO
01:32:32,204 |-INFO in ch.qos.logback.classic.jul.LevelChangePropagator@55061418 - Propagating INFO level on Logger[org.springframework.security] onto the JUL framework
01:32:32,206 |-INFO in ch.qos.logback.classic.model.processor.LoggerModelHandler - Setting additivity of logger [org.springframework.security] to false
01:32:32,206 |-INFO in ch.qos.logback.core.model.processor.AppenderRefModelHandler - Attaching appender named [Console] to Logger[org.springframework.security]
01:32:32,206 |-INFO in ch.qos.logback.core.model.processor.AppenderRefModelHandler - Attaching appender named [RollingFile] to Logger[org.springframework.security]
01:32:32,206 |-INFO in ch.qos.logback.classic.model.processor.LoggerModelHandler - Setting level of logger [org.hibernate.SQL] to DEBUG
01:32:32,206 |-INFO in ch.qos.logback.classic.jul.LevelChangePropagator@55061418 - Propagating DEBUG level on Logger[org.hibernate.SQL] onto the JUL framework
01:32:32,206 |-INFO in ch.qos.logback.classic.model.processor.LoggerModelHandler - Setting additivity of logger [org.hibernate.SQL] to false
01:32:32,206 |-INFO in ch.qos.logback.core.model.processor.AppenderRefModelHandler - Attaching appender named [Console] to Logger[org.hibernate.SQL]
01:32:32,206 |-INFO in ch.qos.logback.core.model.processor.AppenderRefModelHandler - Attaching appender named [RollingFile] to Logger[org.hibernate.SQL]
01:32:32,206 |-INFO in ch.qos.logback.classic.model.processor.LoggerModelHandler - Setting level of logger [org.hibernate.type.descriptor.sql.BasicBinder] to TRACE
01:32:32,206 |-INFO in ch.qos.logback.classic.jul.LevelChangePropagator@55061418 - Propagating TRACE level on Logger[org.hibernate.type.descriptor.sql.BasicBinder] onto the JUL framework
01:32:32,206 |-INFO in ch.qos.logback.classic.model.processor.LoggerModelHandler - Setting additivity of logger [org.hibernate.type.descriptor.sql.BasicBinder] to false
01:32:32,206 |-INFO in ch.qos.logback.core.model.processor.AppenderRefModelHandler - Attaching appender named [Console] to Logger[org.hibernate.type.descriptor.sql.BasicBinder]
01:32:32,206 |-INFO in ch.qos.logback.core.model.processor.AppenderRefModelHandler - Attaching appender named [RollingFile] to Logger[org.hibernate.type.descriptor.sql.BasicBinder]
01:32:32,206 |-INFO in ch.qos.logback.classic.model.processor.LoggerModelHandler - Setting level of logger [com.ohma.thutothebe] to DEBUG
01:32:32,206 |-INFO in ch.qos.logback.classic.jul.LevelChangePropagator@55061418 - Propagating DEBUG level on Logger[com.ohma.thutothebe] onto the JUL framework
01:32:32,206 |-INFO in ch.qos.logback.classic.model.processor.LoggerModelHandler - Setting additivity of logger [com.ohma.thutothebe] to false
01:32:32,206 |-INFO in ch.qos.logback.core.model.processor.AppenderRefModelHandler - Attaching appender named [Console] to Logger[com.ohma.thutothebe]
01:32:32,207 |-INFO in ch.qos.logback.core.model.processor.AppenderRefModelHandler - Attaching appender named [RollingFile] to Logger[com.ohma.thutothebe]
01:32:32,207 |-INFO in ch.qos.logback.core.model.processor.AppenderRefModelHandler - Attaching appender named [ErrorFile] to Logger[com.ohma.thutothebe]
01:32:32,207 |-INFO in ch.qos.logback.classic.model.processor.RootLoggerModelHandler - Setting level of ROOT logger to INFO
01:32:32,207 |-INFO in ch.qos.logback.classic.jul.LevelChangePropagator@55061418 - Propagating INFO level on Logger[ROOT] onto the JUL framework
01:32:32,207 |-INFO in ch.qos.logback.core.model.processor.AppenderRefModelHandler - Attaching appender named [Console] to Logger[ROOT]
01:32:32,207 |-INFO in ch.qos.logback.core.model.processor.AppenderRefModelHandler - Attaching appender named [RollingFile] to Logger[ROOT]
01:32:32,207 |-INFO in ch.qos.logback.core.model.processor.AppenderRefModelHandler - Attaching appender named [ErrorFile] to Logger[ROOT]
01:32:32,207 |-INFO in ch.qos.logback.core.model.processor.DefaultProcessor@27db45f - End of configuration.
01:32:32,208 |-INFO in org.springframework.boot.logging.logback.SpringBootJoranConfigurator@6ec3d8e4 - Registering current configuration as safe fallback point


  .   ____          _            __ _ _
 /\\ / ___'_ __ _ _(_)_ __  __ _ \ \ \ \
( ( )\___ | '_ | '_| | '_ \/ _` | \ \ \ \
 \\/  ___)| |_)| | | | | || (_| |  ) ) ) )
  '  |____| .__|_| |_|_| |_\__, | / / / /
 =========|_|==============|___/=/_/_/_/
 :: Spring Boot ::                (v3.2.3)

2025-05-12 01:32:32,235 &amp#27;[34mINFO &amp#27;[0;39m [&amp#27;[34mbackground-preinit&amp#27;[0;39m] &amp#27;[33mo.h.v.i.u.Version&amp#27;[0;39m: HV000001: Hibernate Validator 8.0.1.Final
2025-05-12 01:32:32,276 &amp#27;[34mINFO &amp#27;[0;39m [&amp#27;[34mmain&amp#27;[0;39m] &amp#27;[33mo.s.b.StartupInfoLogger&amp#27;[0;39m: Starting ContentIntegrationTest using Java 17.0.14 with PID 213168 (started by obakengm in /home/obakengm/Personal/thutothebe/backend)
2025-05-12 01:32:32,277 &amp#27;[39mDEBUG&amp#27;[0;39m [&amp#27;[34mmain&amp#27;[0;39m] &amp#27;[33mo.s.b.StartupInfoLogger&amp#27;[0;39m: Running with Spring Boot v3.2.3, Spring v6.1.4
2025-05-12 01:32:32,278 &amp#27;[34mINFO &amp#27;[0;39m [&amp#27;[34mmain&amp#27;[0;39m] &amp#27;[33mo.s.b.SpringApplication&amp#27;[0;39m: The following 1 profile is active: "test"
2025-05-12 01:32:32,297 &amp#27;[39mDEBUG&amp#27;[0;39m [&amp#27;[34mmain&amp#27;[0;39m] &amp#27;[33mo.s.c.s.AbstractApplicationContext&amp#27;[0;39m: Refreshing org.springframework.web.context.support.GenericWebApplicationContext@31b6b0c7
2025-05-12 01:32:32,981 &amp#27;[34mINFO &amp#27;[0;39m [&amp#27;[34mmain&amp#27;[0;39m] &amp#27;[33mo.s.d.r.c.RepositoryConfigurationDelegate&amp#27;[0;39m: Bootstrapping Spring Data JPA repositories in DEFAULT mode.
2025-05-12 01:32:33,033 &amp#27;[34mINFO &amp#27;[0;39m [&amp#27;[34mmain&amp#27;[0;39m] &amp#27;[33mo.s.d.r.c.RepositoryConfigurationDelegate&amp#27;[0;39m: Finished Spring Data repository scanning in 46 ms. Found 5 JPA repository interfaces.
2025-05-12 01:32:33,503 &amp#27;[34mINFO &amp#27;[0;39m [&amp#27;[34mmain&amp#27;[0;39m] &amp#27;[33mc.z.h.HikariDataSource&amp#27;[0;39m: ThutoLMSHikariPool - Starting...
2025-05-12 01:32:33,649 &amp#27;[34mINFO &amp#27;[0;39m [&amp#27;[34mmain&amp#27;[0;39m] &amp#27;[33mc.z.h.p.HikariPool&amp#27;[0;39m: ThutoLMSHikariPool - Added connection org.postgresql.jdbc.PgConnection@47d7e4b6
2025-05-12 01:32:33,651 &amp#27;[34mINFO &amp#27;[0;39m [&amp#27;[34mmain&amp#27;[0;39m] &amp#27;[33mc.z.h.HikariDataSource&amp#27;[0;39m: ThutoLMSHikariPool - Start completed.
2025-05-12 01:32:33,714 &amp#27;[34mINFO &amp#27;[0;39m [&amp#27;[34mmain&amp#27;[0;39m] &amp#27;[33mo.f.c.i.l.s.Slf4jLog&amp#27;[0;39m: Flyway Community Edition 9.22.3 by Redgate
2025-05-12 01:32:33,715 &amp#27;[34mINFO &amp#27;[0;39m [&amp#27;[34mmain&amp#27;[0;39m] &amp#27;[33mo.f.c.i.l.s.Slf4jLog&amp#27;[0;39m: See release notes here: https://rd.gt/416ObMi
2025-05-12 01:32:33,715 &amp#27;[34mINFO &amp#27;[0;39m [&amp#27;[34mmain&amp#27;[0;39m] &amp#27;[33mo.f.c.i.l.s.Slf4jLog&amp#27;[0;39m: 
2025-05-12 01:32:33,725 &amp#27;[34mINFO &amp#27;[0;39m [&amp#27;[34mmain&amp#27;[0;39m] &amp#27;[33mo.f.c.i.l.s.Slf4jLog&amp#27;[0;39m: Database: jdbc:postgresql://localhost:5432/thutothebe (PostgreSQL 13.20)
2025-05-12 01:32:33,746 &amp#27;[34mINFO &amp#27;[0;39m [&amp#27;[34mmain&amp#27;[0;39m] &amp#27;[33mo.f.c.i.l.s.Slf4jLog&amp#27;[0;39m: Successfully validated 0 migrations (execution time 00:00.008s)
2025-05-12 01:32:33,747 &amp#27;[31mWARN &amp#27;[0;39m [&amp#27;[34mmain&amp#27;[0;39m] &amp#27;[33mo.f.c.i.l.s.Slf4jLog&amp#27;[0;39m: No migrations found. Are your locations set up correctly?
2025-05-12 01:32:33,789 &amp#27;[34mINFO &amp#27;[0;39m [&amp#27;[34mmain&amp#27;[0;39m] &amp#27;[33mo.f.c.i.l.s.Slf4jLog&amp#27;[0;39m: Current version of schema "public": << Empty Schema >>
2025-05-12 01:32:33,791 &amp#27;[34mINFO &amp#27;[0;39m [&amp#27;[34mmain&amp#27;[0;39m] &amp#27;[33mo.f.c.i.l.s.Slf4jLog&amp#27;[0;39m: Schema "public" is up to date. No migration necessary.
2025-05-12 01:32:33,867 &amp#27;[34mINFO &amp#27;[0;39m [&amp#27;[34mmain&amp#27;[0;39m] &amp#27;[33mo.h.j.i.u.LogHelper&amp#27;[0;39m: HHH000204: Processing PersistenceUnitInfo [name: default]
2025-05-12 01:32:33,911 &amp#27;[34mINFO &amp#27;[0;39m [&amp#27;[34mmain&amp#27;[0;39m] &amp#27;[33mo.h.Version&amp#27;[0;39m: HHH000412: Hibernate ORM core version 6.4.4.Final
2025-05-12 01:32:33,943 &amp#27;[34mINFO &amp#27;[0;39m [&amp#27;[34mmain&amp#27;[0;39m] &amp#27;[33mo.h.c.i.RegionFactoryInitiator&amp#27;[0;39m: HHH000025: Second-level cache region factory [org.hibernate.cache.jcache.internal.JCacheRegionFactory]
2025-05-12 01:32:34,029 &amp#27;[34mINFO &amp#27;[0;39m [&amp#27;[34mmain&amp#27;[0;39m] &amp#27;[33mo.s.o.j.p.SpringPersistenceUnitInfo&amp#27;[0;39m: No LoadTimeWeaver setup: ignoring JPA class transformer
2025-05-12 01:32:34,079 &amp#27;[31mWARN &amp#27;[0;39m [&amp#27;[34mmain&amp#27;[0;39m] &amp#27;[33mo.h.e.j.d.i.DialectFactoryImpl&amp#27;[0;39m: HHH90000025: PostgreSQLDialect does not need to be specified explicitly using 'hibernate.dialect' (remove the property setting and it will be selected by default)
2025-05-12 01:32:34,839 &amp#27;[34mINFO &amp#27;[0;39m [&amp#27;[34mmain&amp#27;[0;39m] &amp#27;[33mo.h.e.t.j.p.i.JtaPlatformInitiator&amp#27;[0;39m: HHH000489: No JTA platform available (set 'hibernate.transaction.jta.platform' to enable JTA platform integration)
2025-05-12 01:32:34,938 &amp#27;[34mINFO &amp#27;[0;39m [&amp#27;[34mmain&amp#27;[0;39m] &amp#27;[33mo.s.o.j.AbstractEntityManagerFactoryBean&amp#27;[0;39m: Initialized JPA EntityManagerFactory for persistence unit 'default'
2025-05-12 01:32:35,217 &amp#27;[34mINFO &amp#27;[0;39m [&amp#27;[34mmain&amp#27;[0;39m] &amp#27;[33mo.s.d.j.r.q.QueryEnhancerFactory&amp#27;[0;39m: Hibernate is in classpath; If applicable, HQL parser will be used.
2025-05-12 01:32:35,893 &amp#27;[31mWARN &amp#27;[0;39m [&amp#27;[34mmain&amp#27;[0;39m] &amp#27;[33mo.s.b.a.o.j.JpaBaseConfiguration$JpaWebConfiguration&amp#27;[0;39m: spring.jpa.open-in-view is enabled by default. Therefore, database queries may be performed during view rendering. Explicitly configure spring.jpa.open-in-view to disable this warning
2025-05-12 01:32:35,917 &amp#27;[31mWARN &amp#27;[0;39m [&amp#27;[34mmain&amp#27;[0;39m] &amp#27;[33mo.s.b.a.s.s.UserDetailsServiceAutoConfiguration&amp#27;[0;39m: 

Using generated security password: 87a5d795-66ff-4537-bb74-8e32c29ede9a

This generated password is for development use only. Your security configuration must be updated before running your application in production.

2025-05-12 01:32:36,094 &amp#27;[39mDEBUG&amp#27;[0;39m [&amp#27;[34mmain&amp#27;[0;39m] &amp#27;[33mo.s.w.s.h.AbstractHandlerMethodMapping&amp#27;[0;39m: 55 mappings in 'requestMappingHandlerMapping'
2025-05-12 01:32:36,193 &amp#27;[39mDEBUG&amp#27;[0;39m [&amp#27;[34mmain&amp#27;[0;39m] &amp#27;[33mo.s.w.s.h.SimpleUrlHandlerMapping&amp#27;[0;39m: Patterns [/webjars/**, /**, /swagger-ui*/*swagger-initializer.js, /swagger-ui*/**] in 'resourceHandlerMapping'
2025-05-12 01:32:36,241 &amp#27;[34mINFO &amp#27;[0;39m [&amp#27;[34mmain&amp#27;[0;39m] &amp#27;[33mo.s.s.w.DefaultSecurityFilterChain&amp#27;[0;39m: Will secure any request with [org.springframework.security.web.session.DisableEncodeUrlFilter@482f59f4, org.springframework.security.web.context.request.async.WebAsyncManagerIntegrationFilter@3f2fd933, org.springframework.security.web.context.SecurityContextHolderFilter@7c654cfc, org.springframework.security.web.header.HeaderWriterFilter@7316742f, org.springframework.web.filter.CorsFilter@6c430548, org.springframework.security.web.authentication.logout.LogoutFilter@3330bdd1, org.springframework.security.web.savedrequest.RequestCacheAwareFilter@29fccabd, org.springframework.security.web.servletapi.SecurityContextHolderAwareRequestFilter@2d7d92a7, org.springframework.security.web.authentication.AnonymousAuthenticationFilter@48a5ef5c, org.springframework.security.web.session.SessionManagementFilter@1368a7d9, org.springframework.security.web.access.ExceptionTranslationFilter@5209c486, org.springframework.security.web.access.intercept.AuthorizationFilter@47861e3c]
2025-05-12 01:32:36,404 &amp#27;[39mDEBUG&amp#27;[0;39m [&amp#27;[34mmain&amp#27;[0;39m] &amp#27;[33mo.s.w.s.m.m.a.RequestMappingHandlerAdapter&amp#27;[0;39m: ControllerAdvice beans: 0 @ModelAttribute, 0 @InitBinder, 1 RequestBodyAdvice, 1 ResponseBodyAdvice
2025-05-12 01:32:36,435 &amp#27;[39mDEBUG&amp#27;[0;39m [&amp#27;[34mmain&amp#27;[0;39m] &amp#27;[33mo.s.w.s.m.m.a.ExceptionHandlerExceptionResolver&amp#27;[0;39m: ControllerAdvice beans: 1 @ExceptionHandler, 1 ResponseBodyAdvice
2025-05-12 01:32:36,465 &amp#27;[31mWARN &amp#27;[0;39m [&amp#27;[34mmain&amp#27;[0;39m] &amp#27;[33mo.s.b.a.t.ThymeleafAutoConfiguration$DefaultTemplateResolverConfiguration&amp#27;[0;39m: Cannot find template location: classpath:/templates/ (please add some templates, check your Thymeleaf configuration, or set spring.thymeleaf.check-template-location=false)
2025-05-12 01:32:36,699 &amp#27;[39mDEBUG&amp#27;[0;39m [&amp#27;[34mmain&amp#27;[0;39m] &amp#27;[33mo.s.w.f.GenericFilterBean&amp#27;[0;39m: Filter 'securityDebugFilter' configured for use
2025-05-12 01:32:36,701 &amp#27;[34mINFO &amp#27;[0;39m [&amp#27;[34mmain&amp#27;[0;39m] &amp#27;[33mo.s.m.w.MockServletContext&amp#27;[0;39m: Initializing Spring TestDispatcherServlet ''
2025-05-12 01:32:36,701 &amp#27;[34mINFO &amp#27;[0;39m [&amp#27;[34mmain&amp#27;[0;39m] &amp#27;[33mo.s.w.s.FrameworkServlet&amp#27;[0;39m: Initializing Servlet ''
2025-05-12 01:32:36,703 &amp#27;[34mINFO &amp#27;[0;39m [&amp#27;[34mmain&amp#27;[0;39m] &amp#27;[33mo.s.w.s.FrameworkServlet&amp#27;[0;39m: Completed initialization in 2 ms
2025-05-12 01:32:36,778 &amp#27;[34mINFO &amp#27;[0;39m [&amp#27;[34mmain&amp#27;[0;39m] &amp#27;[33mo.s.b.StartupInfoLogger&amp#27;[0;39m: Started ContentIntegrationTest in 4.855 seconds (process running for 8.238)
2025-05-12 01:32:36,931 &amp#27;[39mDEBUG&amp#27;[0;39m [&amp#27;[34mmain&amp#27;[0;39m] &amp#27;[33mo.h.e.j.s.SqlStatementLogger&amp#27;[0;39m: 
    insert 
    into
        users
        (active, created_at, email, first_name, last_name, modified_at, password, role, updated_at, username, version) 
    values
        (?, ?, ?, ?, ?, ?, ?, ?, ?, ?, ?)
Hibernate: 
    insert 
    into
        users
        (active, created_at, email, first_name, last_name, modified_at, password, role, updated_at, username, version) 
    values
        (?, ?, ?, ?, ?, ?, ?, ?, ?, ?, ?)
2025-05-12 01:32:36,954 &amp#27;[39mDEBUG&amp#27;[0;39m [&amp#27;[34mmain&amp#27;[0;39m] &amp#27;[33mo.h.e.j.s.SqlStatementLogger&amp#27;[0;39m: 
    insert 
    into
        courses
        (active, code, created_at, description, modified_at, name, teacher_id, version) 
    values
        (?, ?, ?, ?, ?, ?, ?, ?)
Hibernate: 
    insert 
    into
        courses
        (active, code, created_at, description, modified_at, name, teacher_id, version) 
    values
        (?, ?, ?, ?, ?, ?, ?, ?)
2025-05-12 01:32:36,958 &amp#27;[39mDEBUG&amp#27;[0;39m [&amp#27;[34mmain&amp#27;[0;39m] &amp#27;[33mo.h.e.j.s.SqlStatementLogger&amp#27;[0;39m: 
    insert 
    into
        users
        (active, created_at, email, first_name, last_name, modified_at, password, role, updated_at, username, version) 
    values
        (?, ?, ?, ?, ?, ?, ?, ?, ?, ?, ?)
Hibernate: 
    insert 
    into
        users
        (active, created_at, email, first_name, last_name, modified_at, password, role, updated_at, username, version) 
    values
        (?, ?, ?, ?, ?, ?, ?, ?, ?, ?, ?)
2025-05-12 01:32:36,998 &amp#27;[39mDEBUG&amp#27;[0;39m [&amp#27;[34mmain&amp#27;[0;39m] &amp#27;[33mo.s.s.w.FilterChainProxy&amp#27;[0;39m: Securing POST /content
2025-05-12 01:32:37,005 &amp#27;[39mDEBUG&amp#27;[0;39m [&amp#27;[34mmain&amp#27;[0;39m] &amp#27;[33mo.s.s.w.a.AnonymousAuthenticationFilter&amp#27;[0;39m: Set SecurityContextHolder to anonymous SecurityContext
2025-05-12 01:32:37,007 &amp#27;[39mDEBUG&amp#27;[0;39m [&amp#27;[34mmain&amp#27;[0;39m] &amp#27;[33mo.s.s.w.a.Http403ForbiddenEntryPoint&amp#27;[0;39m: Pre-authenticated entry point called. Rejecting access

MockHttpServletRequest:
      HTTP Method = POST
      Request URI = /content
       Parameters = {}
          Headers = [Content-Type:"application/json;charset=UTF-8", Content-Length:"197"]
             Body = {"id":null,"title":"Test Content","description":"Test Description","type":"DOCUMENT","url":"http://test.com","courseId":33,"createdById":3,"createdAt":"2025-05-12T01:32:36.960009954","active":true}
    Session Attrs = {}

Handler:
             Type = null

Async:
    Async started = false
     Async result = null

Resolved Exception:
             Type = null

ModelAndView:
        View name = null
             View = null
            Model = null

FlashMap:
       Attributes = null

MockHttpServletResponse:
           Status = 403
    Error message = Access Denied
          Headers = [Vary:"Origin", "Access-Control-Request-Method", "Access-Control-Request-Headers", X-Content-Type-Options:"nosniff", X-XSS-Protection:"0", Cache-Control:"no-cache, no-store, max-age=0, must-revalidate", Pragma:"no-cache", Expires:"0", X-Frame-Options:"DENY"]
     Content type = null
             Body = 
    Forwarded URL = null
   Redirected URL = null
          Cookies = []
]]></system-out>
  </testcase>
  <testcase name="whenGetActiveContentByType_thenReturnContentList" classname="com.ohma.thutothebe.integration.ContentIntegrationTest" time="0.016">
    <failure message="Status expected:&lt;200&gt; but was:&lt;403&gt;" type="java.lang.AssertionError"><![CDATA[java.lang.AssertionError: Status expected:<200> but was:<403>
	at org.springframework.test.util.AssertionErrors.fail(AssertionErrors.java:59)
	at org.springframework.test.util.AssertionErrors.assertEquals(AssertionErrors.java:122)
	at org.springframework.test.web.servlet.result.StatusResultMatchers.lambda$matcher$9(StatusResultMatchers.java:637)
	at org.springframework.test.web.servlet.MockMvc$1.andExpect(MockMvc.java:214)
	at com.ohma.thutothebe.integration.ContentIntegrationTest.whenGetActiveContentByType_thenReturnContentList(ContentIntegrationTest.java:157)
	at java.base/java.lang.reflect.Method.invoke(Method.java:569)
	at java.base/java.util.ArrayList.forEach(ArrayList.java:1511)
	at java.base/java.util.ArrayList.forEach(ArrayList.java:1511)
]]></failure>
    <system-out><![CDATA[2025-05-12 01:32:37,028 &amp#27;[39mDEBUG&amp#27;[0;39m [&amp#27;[34mmain&amp#27;[0;39m] &amp#27;[33mo.h.e.j.s.SqlStatementLogger&amp#27;[0;39m: 
    insert 
    into
        users
        (active, created_at, email, first_name, last_name, modified_at, password, role, updated_at, username, version) 
    values
        (?, ?, ?, ?, ?, ?, ?, ?, ?, ?, ?)
Hibernate: 
    insert 
    into
        users
        (active, created_at, email, first_name, last_name, modified_at, password, role, updated_at, username, version) 
    values
        (?, ?, ?, ?, ?, ?, ?, ?, ?, ?, ?)
2025-05-12 01:32:37,031 &amp#27;[39mDEBUG&amp#27;[0;39m [&amp#27;[34mmain&amp#27;[0;39m] &amp#27;[33mo.h.e.j.s.SqlStatementLogger&amp#27;[0;39m: 
    insert 
    into
        courses
        (active, code, created_at, description, modified_at, name, teacher_id, version) 
    values
        (?, ?, ?, ?, ?, ?, ?, ?)
Hibernate: 
    insert 
    into
        courses
        (active, code, created_at, description, modified_at, name, teacher_id, version) 
    values
        (?, ?, ?, ?, ?, ?, ?, ?)
2025-05-12 01:32:37,034 &amp#27;[39mDEBUG&amp#27;[0;39m [&amp#27;[34mmain&amp#27;[0;39m] &amp#27;[33mo.h.e.j.s.SqlStatementLogger&amp#27;[0;39m: 
    insert 
    into
        users
        (active, created_at, email, first_name, last_name, modified_at, password, role, updated_at, username, version) 
    values
        (?, ?, ?, ?, ?, ?, ?, ?, ?, ?, ?)
Hibernate: 
    insert 
    into
        users
        (active, created_at, email, first_name, last_name, modified_at, password, role, updated_at, username, version) 
    values
        (?, ?, ?, ?, ?, ?, ?, ?, ?, ?, ?)
2025-05-12 01:32:37,036 &amp#27;[39mDEBUG&amp#27;[0;39m [&amp#27;[34mmain&amp#27;[0;39m] &amp#27;[33mo.s.s.w.FilterChainProxy&amp#27;[0;39m: Securing POST /content
2025-05-12 01:32:37,037 &amp#27;[39mDEBUG&amp#27;[0;39m [&amp#27;[34mmain&amp#27;[0;39m] &amp#27;[33mo.s.s.w.a.AnonymousAuthenticationFilter&amp#27;[0;39m: Set SecurityContextHolder to anonymous SecurityContext
2025-05-12 01:32:37,037 &amp#27;[39mDEBUG&amp#27;[0;39m [&amp#27;[34mmain&amp#27;[0;39m] &amp#27;[33mo.s.s.w.a.Http403ForbiddenEntryPoint&amp#27;[0;39m: Pre-authenticated entry point called. Rejecting access

MockHttpServletRequest:
      HTTP Method = POST
      Request URI = /content
       Parameters = {}
          Headers = [Content-Type:"application/json;charset=UTF-8", Content-Length:"197"]
             Body = {"id":null,"title":"Test Content","description":"Test Description","type":"DOCUMENT","url":"http://test.com","courseId":34,"createdById":5,"createdAt":"2025-05-12T01:32:37.035804154","active":true}
    Session Attrs = {}

Handler:
             Type = null

Async:
    Async started = false
     Async result = null

Resolved Exception:
             Type = null

ModelAndView:
        View name = null
             View = null
            Model = null

FlashMap:
       Attributes = null

MockHttpServletResponse:
           Status = 403
    Error message = Access Denied
          Headers = [Vary:"Origin", "Access-Control-Request-Method", "Access-Control-Request-Headers", X-Content-Type-Options:"nosniff", X-XSS-Protection:"0", Cache-Control:"no-cache, no-store, max-age=0, must-revalidate", Pragma:"no-cache", Expires:"0", X-Frame-Options:"DENY"]
     Content type = null
             Body = 
    Forwarded URL = null
   Redirected URL = null
          Cookies = []
]]></system-out>
  </testcase>
  <testcase name="whenGetContentByType_thenReturnContentList" classname="com.ohma.thutothebe.integration.ContentIntegrationTest" time="0.018">
    <failure message="Status expected:&lt;200&gt; but was:&lt;403&gt;" type="java.lang.AssertionError"><![CDATA[java.lang.AssertionError: Status expected:<200> but was:<403>
	at org.springframework.test.util.AssertionErrors.fail(AssertionErrors.java:59)
	at org.springframework.test.util.AssertionErrors.assertEquals(AssertionErrors.java:122)
	at org.springframework.test.web.servlet.result.StatusResultMatchers.lambda$matcher$9(StatusResultMatchers.java:637)
	at org.springframework.test.web.servlet.MockMvc$1.andExpect(MockMvc.java:214)
	at com.ohma.thutothebe.integration.ContentIntegrationTest.whenGetContentByType_thenReturnContentList(ContentIntegrationTest.java:127)
	at java.base/java.lang.reflect.Method.invoke(Method.java:569)
	at java.base/java.util.ArrayList.forEach(ArrayList.java:1511)
	at java.base/java.util.ArrayList.forEach(ArrayList.java:1511)
]]></failure>
    <system-out><![CDATA[2025-05-12 01:32:37,047 &amp#27;[39mDEBUG&amp#27;[0;39m [&amp#27;[34mmain&amp#27;[0;39m] &amp#27;[33mo.h.e.j.s.SqlStatementLogger&amp#27;[0;39m: 
    insert 
    into
        users
        (active, created_at, email, first_name, last_name, modified_at, password, role, updated_at, username, version) 
    values
        (?, ?, ?, ?, ?, ?, ?, ?, ?, ?, ?)
Hibernate: 
    insert 
    into
        users
        (active, created_at, email, first_name, last_name, modified_at, password, role, updated_at, username, version) 
    values
        (?, ?, ?, ?, ?, ?, ?, ?, ?, ?, ?)
2025-05-12 01:32:37,050 &amp#27;[39mDEBUG&amp#27;[0;39m [&amp#27;[34mmain&amp#27;[0;39m] &amp#27;[33mo.h.e.j.s.SqlStatementLogger&amp#27;[0;39m: 
    insert 
    into
        courses
        (active, code, created_at, description, modified_at, name, teacher_id, version) 
    values
        (?, ?, ?, ?, ?, ?, ?, ?)
Hibernate: 
    insert 
    into
        courses
        (active, code, created_at, description, modified_at, name, teacher_id, version) 
    values
        (?, ?, ?, ?, ?, ?, ?, ?)
2025-05-12 01:32:37,052 &amp#27;[39mDEBUG&amp#27;[0;39m [&amp#27;[34mmain&amp#27;[0;39m] &amp#27;[33mo.h.e.j.s.SqlStatementLogger&amp#27;[0;39m: 
    insert 
    into
        users
        (active, created_at, email, first_name, last_name, modified_at, password, role, updated_at, username, version) 
    values
        (?, ?, ?, ?, ?, ?, ?, ?, ?, ?, ?)
Hibernate: 
    insert 
    into
        users
        (active, created_at, email, first_name, last_name, modified_at, password, role, updated_at, username, version) 
    values
        (?, ?, ?, ?, ?, ?, ?, ?, ?, ?, ?)
2025-05-12 01:32:37,055 &amp#27;[39mDEBUG&amp#27;[0;39m [&amp#27;[34mmain&amp#27;[0;39m] &amp#27;[33mo.s.s.w.FilterChainProxy&amp#27;[0;39m: Securing POST /content
2025-05-12 01:32:37,055 &amp#27;[39mDEBUG&amp#27;[0;39m [&amp#27;[34mmain&amp#27;[0;39m] &amp#27;[33mo.s.s.w.a.AnonymousAuthenticationFilter&amp#27;[0;39m: Set SecurityContextHolder to anonymous SecurityContext
2025-05-12 01:32:37,055 &amp#27;[39mDEBUG&amp#27;[0;39m [&amp#27;[34mmain&amp#27;[0;39m] &amp#27;[33mo.s.s.w.a.Http403ForbiddenEntryPoint&amp#27;[0;39m: Pre-authenticated entry point called. Rejecting access

MockHttpServletRequest:
      HTTP Method = POST
      Request URI = /content
       Parameters = {}
          Headers = [Content-Type:"application/json;charset=UTF-8", Content-Length:"197"]
             Body = {"id":null,"title":"Test Content","description":"Test Description","type":"DOCUMENT","url":"http://test.com","courseId":35,"createdById":7,"createdAt":"2025-05-12T01:32:37.054319624","active":true}
    Session Attrs = {}

Handler:
             Type = null

Async:
    Async started = false
     Async result = null

Resolved Exception:
             Type = null

ModelAndView:
        View name = null
             View = null
            Model = null

FlashMap:
       Attributes = null

MockHttpServletResponse:
           Status = 403
    Error message = Access Denied
          Headers = [Vary:"Origin", "Access-Control-Request-Method", "Access-Control-Request-Headers", X-Content-Type-Options:"nosniff", X-XSS-Protection:"0", Cache-Control:"no-cache, no-store, max-age=0, must-revalidate", Pragma:"no-cache", Expires:"0", X-Frame-Options:"DENY"]
     Content type = null
             Body = 
    Forwarded URL = null
   Redirected URL = null
          Cookies = []
]]></system-out>
  </testcase>
  <testcase name="whenCheckContentExists_thenReturnTrue" classname="com.ohma.thutothebe.integration.ContentIntegrationTest" time="0.017">
    <failure message="Status expected:&lt;200&gt; but was:&lt;403&gt;" type="java.lang.AssertionError"><![CDATA[java.lang.AssertionError: Status expected:<200> but was:<403>
	at org.springframework.test.util.AssertionErrors.fail(AssertionErrors.java:59)
	at org.springframework.test.util.AssertionErrors.assertEquals(AssertionErrors.java:122)
	at org.springframework.test.web.servlet.result.StatusResultMatchers.lambda$matcher$9(StatusResultMatchers.java:637)
	at org.springframework.test.web.servlet.MockMvc$1.andExpect(MockMvc.java:214)
	at com.ohma.thutothebe.integration.ContentIntegrationTest.whenCheckContentExists_thenReturnTrue(ContentIntegrationTest.java:172)
	at java.base/java.lang.reflect.Method.invoke(Method.java:569)
	at java.base/java.util.ArrayList.forEach(ArrayList.java:1511)
	at java.base/java.util.ArrayList.forEach(ArrayList.java:1511)
]]></failure>
    <system-out><![CDATA[2025-05-12 01:32:37,066 &amp#27;[39mDEBUG&amp#27;[0;39m [&amp#27;[34mmain&amp#27;[0;39m] &amp#27;[33mo.h.e.j.s.SqlStatementLogger&amp#27;[0;39m: 
    insert 
    into
        users
        (active, created_at, email, first_name, last_name, modified_at, password, role, updated_at, username, version) 
    values
        (?, ?, ?, ?, ?, ?, ?, ?, ?, ?, ?)
Hibernate: 
    insert 
    into
        users
        (active, created_at, email, first_name, last_name, modified_at, password, role, updated_at, username, version) 
    values
        (?, ?, ?, ?, ?, ?, ?, ?, ?, ?, ?)
2025-05-12 01:32:37,068 &amp#27;[39mDEBUG&amp#27;[0;39m [&amp#27;[34mmain&amp#27;[0;39m] &amp#27;[33mo.h.e.j.s.SqlStatementLogger&amp#27;[0;39m: 
    insert 
    into
        courses
        (active, code, created_at, description, modified_at, name, teacher_id, version) 
    values
        (?, ?, ?, ?, ?, ?, ?, ?)
Hibernate: 
    insert 
    into
        courses
        (active, code, created_at, description, modified_at, name, teacher_id, version) 
    values
        (?, ?, ?, ?, ?, ?, ?, ?)
2025-05-12 01:32:37,070 &amp#27;[39mDEBUG&amp#27;[0;39m [&amp#27;[34mmain&amp#27;[0;39m] &amp#27;[33mo.h.e.j.s.SqlStatementLogger&amp#27;[0;39m: 
    insert 
    into
        users
        (active, created_at, email, first_name, last_name, modified_at, password, role, updated_at, username, version) 
    values
        (?, ?, ?, ?, ?, ?, ?, ?, ?, ?, ?)
Hibernate: 
    insert 
    into
        users
        (active, created_at, email, first_name, last_name, modified_at, password, role, updated_at, username, version) 
    values
        (?, ?, ?, ?, ?, ?, ?, ?, ?, ?, ?)
2025-05-12 01:32:37,072 &amp#27;[39mDEBUG&amp#27;[0;39m [&amp#27;[34mmain&amp#27;[0;39m] &amp#27;[33mo.s.s.w.FilterChainProxy&amp#27;[0;39m: Securing POST /content
2025-05-12 01:32:37,073 &amp#27;[39mDEBUG&amp#27;[0;39m [&amp#27;[34mmain&amp#27;[0;39m] &amp#27;[33mo.s.s.w.a.AnonymousAuthenticationFilter&amp#27;[0;39m: Set SecurityContextHolder to anonymous SecurityContext
2025-05-12 01:32:37,073 &amp#27;[39mDEBUG&amp#27;[0;39m [&amp#27;[34mmain&amp#27;[0;39m] &amp#27;[33mo.s.s.w.a.Http403ForbiddenEntryPoint&amp#27;[0;39m: Pre-authenticated entry point called. Rejecting access

MockHttpServletRequest:
      HTTP Method = POST
      Request URI = /content
       Parameters = {}
          Headers = [Content-Type:"application/json;charset=UTF-8", Content-Length:"197"]
             Body = {"id":null,"title":"Test Content","description":"Test Description","type":"DOCUMENT","url":"http://test.com","courseId":36,"createdById":9,"createdAt":"2025-05-12T01:32:37.071801745","active":true}
    Session Attrs = {}

Handler:
             Type = null

Async:
    Async started = false
     Async result = null

Resolved Exception:
             Type = null

ModelAndView:
        View name = null
             View = null
            Model = null

FlashMap:
       Attributes = null

MockHttpServletResponse:
           Status = 403
    Error message = Access Denied
          Headers = [Vary:"Origin", "Access-Control-Request-Method", "Access-Control-Request-Headers", X-Content-Type-Options:"nosniff", X-XSS-Protection:"0", Cache-Control:"no-cache, no-store, max-age=0, must-revalidate", Pragma:"no-cache", Expires:"0", X-Frame-Options:"DENY"]
     Content type = null
             Body = 
    Forwarded URL = null
   Redirected URL = null
          Cookies = []
]]></system-out>
  </testcase>
  <testcase name="whenDeleteContent_thenReturnOk" classname="com.ohma.thutothebe.integration.ContentIntegrationTest" time="0.015">
    <failure message="Status expected:&lt;200&gt; but was:&lt;403&gt;" type="java.lang.AssertionError"><![CDATA[java.lang.AssertionError: Status expected:<200> but was:<403>
	at org.springframework.test.util.AssertionErrors.fail(AssertionErrors.java:59)
	at org.springframework.test.util.AssertionErrors.assertEquals(AssertionErrors.java:122)
	at org.springframework.test.web.servlet.result.StatusResultMatchers.lambda$matcher$9(StatusResultMatchers.java:637)
	at org.springframework.test.web.servlet.MockMvc$1.andExpect(MockMvc.java:214)
	at com.ohma.thutothebe.integration.ContentIntegrationTest.whenDeleteContent_thenReturnOk(ContentIntegrationTest.java:220)
	at java.base/java.lang.reflect.Method.invoke(Method.java:569)
	at java.base/java.util.ArrayList.forEach(ArrayList.java:1511)
	at java.base/java.util.ArrayList.forEach(ArrayList.java:1511)
]]></failure>
    <system-out><![CDATA[2025-05-12 01:32:37,083 &amp#27;[39mDEBUG&amp#27;[0;39m [&amp#27;[34mmain&amp#27;[0;39m] &amp#27;[33mo.h.e.j.s.SqlStatementLogger&amp#27;[0;39m: 
    insert 
    into
        users
        (active, created_at, email, first_name, last_name, modified_at, password, role, updated_at, username, version) 
    values
        (?, ?, ?, ?, ?, ?, ?, ?, ?, ?, ?)
Hibernate: 
    insert 
    into
        users
        (active, created_at, email, first_name, last_name, modified_at, password, role, updated_at, username, version) 
    values
        (?, ?, ?, ?, ?, ?, ?, ?, ?, ?, ?)
2025-05-12 01:32:37,085 &amp#27;[39mDEBUG&amp#27;[0;39m [&amp#27;[34mmain&amp#27;[0;39m] &amp#27;[33mo.h.e.j.s.SqlStatementLogger&amp#27;[0;39m: 
    insert 
    into
        courses
        (active, code, created_at, description, modified_at, name, teacher_id, version) 
    values
        (?, ?, ?, ?, ?, ?, ?, ?)
Hibernate: 
    insert 
    into
        courses
        (active, code, created_at, description, modified_at, name, teacher_id, version) 
    values
        (?, ?, ?, ?, ?, ?, ?, ?)
2025-05-12 01:32:37,087 &amp#27;[39mDEBUG&amp#27;[0;39m [&amp#27;[34mmain&amp#27;[0;39m] &amp#27;[33mo.h.e.j.s.SqlStatementLogger&amp#27;[0;39m: 
    insert 
    into
        users
        (active, created_at, email, first_name, last_name, modified_at, password, role, updated_at, username, version) 
    values
        (?, ?, ?, ?, ?, ?, ?, ?, ?, ?, ?)
Hibernate: 
    insert 
    into
        users
        (active, created_at, email, first_name, last_name, modified_at, password, role, updated_at, username, version) 
    values
        (?, ?, ?, ?, ?, ?, ?, ?, ?, ?, ?)
2025-05-12 01:32:37,089 &amp#27;[39mDEBUG&amp#27;[0;39m [&amp#27;[34mmain&amp#27;[0;39m] &amp#27;[33mo.s.s.w.FilterChainProxy&amp#27;[0;39m: Securing POST /content
2025-05-12 01:32:37,090 &amp#27;[39mDEBUG&amp#27;[0;39m [&amp#27;[34mmain&amp#27;[0;39m] &amp#27;[33mo.s.s.w.a.AnonymousAuthenticationFilter&amp#27;[0;39m: Set SecurityContextHolder to anonymous SecurityContext
2025-05-12 01:32:37,090 &amp#27;[39mDEBUG&amp#27;[0;39m [&amp#27;[34mmain&amp#27;[0;39m] &amp#27;[33mo.s.s.w.a.Http403ForbiddenEntryPoint&amp#27;[0;39m: Pre-authenticated entry point called. Rejecting access

MockHttpServletRequest:
      HTTP Method = POST
      Request URI = /content
       Parameters = {}
          Headers = [Content-Type:"application/json;charset=UTF-8", Content-Length:"198"]
             Body = {"id":null,"title":"Test Content","description":"Test Description","type":"DOCUMENT","url":"http://test.com","courseId":37,"createdById":11,"createdAt":"2025-05-12T01:32:37.089046721","active":true}
    Session Attrs = {}

Handler:
             Type = null

Async:
    Async started = false
     Async result = null

Resolved Exception:
             Type = null

ModelAndView:
        View name = null
             View = null
            Model = null

FlashMap:
       Attributes = null

MockHttpServletResponse:
           Status = 403
    Error message = Access Denied
          Headers = [Vary:"Origin", "Access-Control-Request-Method", "Access-Control-Request-Headers", X-Content-Type-Options:"nosniff", X-XSS-Protection:"0", Cache-Control:"no-cache, no-store, max-age=0, must-revalidate", Pragma:"no-cache", Expires:"0", X-Frame-Options:"DENY"]
     Content type = null
             Body = 
    Forwarded URL = null
   Redirected URL = null
          Cookies = []
]]></system-out>
  </testcase>
  <testcase name="whenCreateContent_thenReturnCreatedContent" classname="com.ohma.thutothebe.integration.ContentIntegrationTest" time="0.014">
    <failure message="Status expected:&lt;200&gt; but was:&lt;403&gt;" type="java.lang.AssertionError"><![CDATA[java.lang.AssertionError: Status expected:<200> but was:<403>
	at org.springframework.test.util.AssertionErrors.fail(AssertionErrors.java:59)
	at org.springframework.test.util.AssertionErrors.assertEquals(AssertionErrors.java:122)
	at org.springframework.test.web.servlet.result.StatusResultMatchers.lambda$matcher$9(StatusResultMatchers.java:637)
	at org.springframework.test.web.servlet.MockMvc$1.andExpect(MockMvc.java:214)
	at com.ohma.thutothebe.integration.ContentIntegrationTest.whenCreateContent_thenReturnCreatedContent(ContentIntegrationTest.java:101)
	at java.base/java.lang.reflect.Method.invoke(Method.java:569)
	at java.base/java.util.ArrayList.forEach(ArrayList.java:1511)
	at java.base/java.util.ArrayList.forEach(ArrayList.java:1511)
]]></failure>
    <system-out><![CDATA[2025-05-12 01:32:37,099 &amp#27;[39mDEBUG&amp#27;[0;39m [&amp#27;[34mmain&amp#27;[0;39m] &amp#27;[33mo.h.e.j.s.SqlStatementLogger&amp#27;[0;39m: 
    insert 
    into
        users
        (active, created_at, email, first_name, last_name, modified_at, password, role, updated_at, username, version) 
    values
        (?, ?, ?, ?, ?, ?, ?, ?, ?, ?, ?)
Hibernate: 
    insert 
    into
        users
        (active, created_at, email, first_name, last_name, modified_at, password, role, updated_at, username, version) 
    values
        (?, ?, ?, ?, ?, ?, ?, ?, ?, ?, ?)
2025-05-12 01:32:37,101 &amp#27;[39mDEBUG&amp#27;[0;39m [&amp#27;[34mmain&amp#27;[0;39m] &amp#27;[33mo.h.e.j.s.SqlStatementLogger&amp#27;[0;39m: 
    insert 
    into
        courses
        (active, code, created_at, description, modified_at, name, teacher_id, version) 
    values
        (?, ?, ?, ?, ?, ?, ?, ?)
Hibernate: 
    insert 
    into
        courses
        (active, code, created_at, description, modified_at, name, teacher_id, version) 
    values
        (?, ?, ?, ?, ?, ?, ?, ?)
2025-05-12 01:32:37,103 &amp#27;[39mDEBUG&amp#27;[0;39m [&amp#27;[34mmain&amp#27;[0;39m] &amp#27;[33mo.h.e.j.s.SqlStatementLogger&amp#27;[0;39m: 
    insert 
    into
        users
        (active, created_at, email, first_name, last_name, modified_at, password, role, updated_at, username, version) 
    values
        (?, ?, ?, ?, ?, ?, ?, ?, ?, ?, ?)
Hibernate: 
    insert 
    into
        users
        (active, created_at, email, first_name, last_name, modified_at, password, role, updated_at, username, version) 
    values
        (?, ?, ?, ?, ?, ?, ?, ?, ?, ?, ?)
2025-05-12 01:32:37,105 &amp#27;[39mDEBUG&amp#27;[0;39m [&amp#27;[34mmain&amp#27;[0;39m] &amp#27;[33mo.s.s.w.FilterChainProxy&amp#27;[0;39m: Securing POST /content
2025-05-12 01:32:37,105 &amp#27;[39mDEBUG&amp#27;[0;39m [&amp#27;[34mmain&amp#27;[0;39m] &amp#27;[33mo.s.s.w.a.AnonymousAuthenticationFilter&amp#27;[0;39m: Set SecurityContextHolder to anonymous SecurityContext
2025-05-12 01:32:37,106 &amp#27;[39mDEBUG&amp#27;[0;39m [&amp#27;[34mmain&amp#27;[0;39m] &amp#27;[33mo.s.s.w.a.Http403ForbiddenEntryPoint&amp#27;[0;39m: Pre-authenticated entry point called. Rejecting access

MockHttpServletRequest:
      HTTP Method = POST
      Request URI = /content
       Parameters = {}
          Headers = [Content-Type:"application/json;charset=UTF-8", Content-Length:"198"]
             Body = {"id":null,"title":"Test Content","description":"Test Description","type":"DOCUMENT","url":"http://test.com","courseId":38,"createdById":13,"createdAt":"2025-05-12T01:32:37.104453935","active":true}
    Session Attrs = {}

Handler:
             Type = null

Async:
    Async started = false
     Async result = null

Resolved Exception:
             Type = null

ModelAndView:
        View name = null
             View = null
            Model = null

FlashMap:
       Attributes = null

MockHttpServletResponse:
           Status = 403
    Error message = Access Denied
          Headers = [Vary:"Origin", "Access-Control-Request-Method", "Access-Control-Request-Headers", X-Content-Type-Options:"nosniff", X-XSS-Protection:"0", Cache-Control:"no-cache, no-store, max-age=0, must-revalidate", Pragma:"no-cache", Expires:"0", X-Frame-Options:"DENY"]
     Content type = null
             Body = 
    Forwarded URL = null
   Redirected URL = null
          Cookies = []
]]></system-out>
  </testcase>
  <testcase name="whenGetContentByCourse_thenReturnContentList" classname="com.ohma.thutothebe.integration.ContentIntegrationTest" time="0.015">
    <failure message="Status expected:&lt;200&gt; but was:&lt;403&gt;" type="java.lang.AssertionError"><![CDATA[java.lang.AssertionError: Status expected:<200> but was:<403>
	at org.springframework.test.util.AssertionErrors.fail(AssertionErrors.java:59)
	at org.springframework.test.util.AssertionErrors.assertEquals(AssertionErrors.java:122)
	at org.springframework.test.web.servlet.result.StatusResultMatchers.lambda$matcher$9(StatusResultMatchers.java:637)
	at org.springframework.test.web.servlet.MockMvc$1.andExpect(MockMvc.java:214)
	at com.ohma.thutothebe.integration.ContentIntegrationTest.whenGetContentByCourse_thenReturnContentList(ContentIntegrationTest.java:112)
	at java.base/java.lang.reflect.Method.invoke(Method.java:569)
	at java.base/java.util.ArrayList.forEach(ArrayList.java:1511)
	at java.base/java.util.ArrayList.forEach(ArrayList.java:1511)
]]></failure>
    <system-out><![CDATA[2025-05-12 01:32:37,114 &amp#27;[39mDEBUG&amp#27;[0;39m [&amp#27;[34mmain&amp#27;[0;39m] &amp#27;[33mo.h.e.j.s.SqlStatementLogger&amp#27;[0;39m: 
    insert 
    into
        users
        (active, created_at, email, first_name, last_name, modified_at, password, role, updated_at, username, version) 
    values
        (?, ?, ?, ?, ?, ?, ?, ?, ?, ?, ?)
Hibernate: 
    insert 
    into
        users
        (active, created_at, email, first_name, last_name, modified_at, password, role, updated_at, username, version) 
    values
        (?, ?, ?, ?, ?, ?, ?, ?, ?, ?, ?)
2025-05-12 01:32:37,117 &amp#27;[39mDEBUG&amp#27;[0;39m [&amp#27;[34mmain&amp#27;[0;39m] &amp#27;[33mo.h.e.j.s.SqlStatementLogger&amp#27;[0;39m: 
    insert 
    into
        courses
        (active, code, created_at, description, modified_at, name, teacher_id, version) 
    values
        (?, ?, ?, ?, ?, ?, ?, ?)
Hibernate: 
    insert 
    into
        courses
        (active, code, created_at, description, modified_at, name, teacher_id, version) 
    values
        (?, ?, ?, ?, ?, ?, ?, ?)
2025-05-12 01:32:37,120 &amp#27;[39mDEBUG&amp#27;[0;39m [&amp#27;[34mmain&amp#27;[0;39m] &amp#27;[33mo.h.e.j.s.SqlStatementLogger&amp#27;[0;39m: 
    insert 
    into
        users
        (active, created_at, email, first_name, last_name, modified_at, password, role, updated_at, username, version) 
    values
        (?, ?, ?, ?, ?, ?, ?, ?, ?, ?, ?)
Hibernate: 
    insert 
    into
        users
        (active, created_at, email, first_name, last_name, modified_at, password, role, updated_at, username, version) 
    values
        (?, ?, ?, ?, ?, ?, ?, ?, ?, ?, ?)
2025-05-12 01:32:37,122 &amp#27;[39mDEBUG&amp#27;[0;39m [&amp#27;[34mmain&amp#27;[0;39m] &amp#27;[33mo.s.s.w.FilterChainProxy&amp#27;[0;39m: Securing POST /content
2025-05-12 01:32:37,122 &amp#27;[39mDEBUG&amp#27;[0;39m [&amp#27;[34mmain&amp#27;[0;39m] &amp#27;[33mo.s.s.w.a.AnonymousAuthenticationFilter&amp#27;[0;39m: Set SecurityContextHolder to anonymous SecurityContext
2025-05-12 01:32:37,122 &amp#27;[39mDEBUG&amp#27;[0;39m [&amp#27;[34mmain&amp#27;[0;39m] &amp#27;[33mo.s.s.w.a.Http403ForbiddenEntryPoint&amp#27;[0;39m: Pre-authenticated entry point called. Rejecting access

MockHttpServletRequest:
      HTTP Method = POST
      Request URI = /content
       Parameters = {}
          Headers = [Content-Type:"application/json;charset=UTF-8", Content-Length:"198"]
             Body = {"id":null,"title":"Test Content","description":"Test Description","type":"DOCUMENT","url":"http://test.com","courseId":39,"createdById":15,"createdAt":"2025-05-12T01:32:37.121227143","active":true}
    Session Attrs = {}

Handler:
             Type = null

Async:
    Async started = false
     Async result = null

Resolved Exception:
             Type = null

ModelAndView:
        View name = null
             View = null
            Model = null

FlashMap:
       Attributes = null

MockHttpServletResponse:
           Status = 403
    Error message = Access Denied
          Headers = [Vary:"Origin", "Access-Control-Request-Method", "Access-Control-Request-Headers", X-Content-Type-Options:"nosniff", X-XSS-Protection:"0", Cache-Control:"no-cache, no-store, max-age=0, must-revalidate", Pragma:"no-cache", Expires:"0", X-Frame-Options:"DENY"]
     Content type = null
             Body = 
    Forwarded URL = null
   Redirected URL = null
          Cookies = []
]]></system-out>
  </testcase>
  <testcase name="whenUpdateContent_thenReturnUpdatedContent" classname="com.ohma.thutothebe.integration.ContentIntegrationTest" time="0.015">
    <failure message="Status expected:&lt;200&gt; but was:&lt;403&gt;" type="java.lang.AssertionError"><![CDATA[java.lang.AssertionError: Status expected:<200> but was:<403>
	at org.springframework.test.util.AssertionErrors.fail(AssertionErrors.java:59)
	at org.springframework.test.util.AssertionErrors.assertEquals(AssertionErrors.java:122)
	at org.springframework.test.web.servlet.result.StatusResultMatchers.lambda$matcher$9(StatusResultMatchers.java:637)
	at org.springframework.test.web.servlet.MockMvc$1.andExpect(MockMvc.java:214)
	at com.ohma.thutothebe.integration.ContentIntegrationTest.whenUpdateContent_thenReturnUpdatedContent(ContentIntegrationTest.java:188)
	at java.base/java.lang.reflect.Method.invoke(Method.java:569)
	at java.base/java.util.ArrayList.forEach(ArrayList.java:1511)
	at java.base/java.util.ArrayList.forEach(ArrayList.java:1511)
]]></failure>
    <system-out><![CDATA[2025-05-12 01:32:37,130 &amp#27;[39mDEBUG&amp#27;[0;39m [&amp#27;[34mmain&amp#27;[0;39m] &amp#27;[33mo.h.e.j.s.SqlStatementLogger&amp#27;[0;39m: 
    insert 
    into
        users
        (active, created_at, email, first_name, last_name, modified_at, password, role, updated_at, username, version) 
    values
        (?, ?, ?, ?, ?, ?, ?, ?, ?, ?, ?)
Hibernate: 
    insert 
    into
        users
        (active, created_at, email, first_name, last_name, modified_at, password, role, updated_at, username, version) 
    values
        (?, ?, ?, ?, ?, ?, ?, ?, ?, ?, ?)
2025-05-12 01:32:37,132 &amp#27;[39mDEBUG&amp#27;[0;39m [&amp#27;[34mmain&amp#27;[0;39m] &amp#27;[33mo.h.e.j.s.SqlStatementLogger&amp#27;[0;39m: 
    insert 
    into
        courses
        (active, code, created_at, description, modified_at, name, teacher_id, version) 
    values
        (?, ?, ?, ?, ?, ?, ?, ?)
Hibernate: 
    insert 
    into
        courses
        (active, code, created_at, description, modified_at, name, teacher_id, version) 
    values
        (?, ?, ?, ?, ?, ?, ?, ?)
2025-05-12 01:32:37,135 &amp#27;[39mDEBUG&amp#27;[0;39m [&amp#27;[34mmain&amp#27;[0;39m] &amp#27;[33mo.h.e.j.s.SqlStatementLogger&amp#27;[0;39m: 
    insert 
    into
        users
        (active, created_at, email, first_name, last_name, modified_at, password, role, updated_at, username, version) 
    values
        (?, ?, ?, ?, ?, ?, ?, ?, ?, ?, ?)
Hibernate: 
    insert 
    into
        users
        (active, created_at, email, first_name, last_name, modified_at, password, role, updated_at, username, version) 
    values
        (?, ?, ?, ?, ?, ?, ?, ?, ?, ?, ?)
2025-05-12 01:32:37,138 &amp#27;[39mDEBUG&amp#27;[0;39m [&amp#27;[34mmain&amp#27;[0;39m] &amp#27;[33mo.s.s.w.FilterChainProxy&amp#27;[0;39m: Securing POST /content
2025-05-12 01:32:37,138 &amp#27;[39mDEBUG&amp#27;[0;39m [&amp#27;[34mmain&amp#27;[0;39m] &amp#27;[33mo.s.s.w.a.AnonymousAuthenticationFilter&amp#27;[0;39m: Set SecurityContextHolder to anonymous SecurityContext
2025-05-12 01:32:37,139 &amp#27;[39mDEBUG&amp#27;[0;39m [&amp#27;[34mmain&amp#27;[0;39m] &amp#27;[33mo.s.s.w.a.Http403ForbiddenEntryPoint&amp#27;[0;39m: Pre-authenticated entry point called. Rejecting access

MockHttpServletRequest:
      HTTP Method = POST
      Request URI = /content
       Parameters = {}
          Headers = [Content-Type:"application/json;charset=UTF-8", Content-Length:"198"]
             Body = {"id":null,"title":"Test Content","description":"Test Description","type":"DOCUMENT","url":"http://test.com","courseId":40,"createdById":17,"createdAt":"2025-05-12T01:32:37.137242121","active":true}
    Session Attrs = {}

Handler:
             Type = null

Async:
    Async started = false
     Async result = null

Resolved Exception:
             Type = null

ModelAndView:
        View name = null
             View = null
            Model = null

FlashMap:
       Attributes = null

MockHttpServletResponse:
           Status = 403
    Error message = Access Denied
          Headers = [Vary:"Origin", "Access-Control-Request-Method", "Access-Control-Request-Headers", X-Content-Type-Options:"nosniff", X-XSS-Protection:"0", Cache-Control:"no-cache, no-store, max-age=0, must-revalidate", Pragma:"no-cache", Expires:"0", X-Frame-Options:"DENY"]
     Content type = null
             Body = 
    Forwarded URL = null
   Redirected URL = null
          Cookies = []
]]></system-out>
  </testcase>
</testsuite>